khomsn-klinic-suite (63.05-01) stable; urgency=low
  
    * Version 25630501: Rewrite installation process and database configuration
    
khomsn-klinic-suite (63.04-25) stable; urgency=low
  
    * Version 25630425: Fix prehist and more.
    
khomsn-klinic-suite (62.10-17) stable; urgency=low
  
    * Version 25621017: Fix DUPM logging.
    
khomsn-klinic-suite (62.10-13) stable; urgency=low
  
    * Version 25621013: Fix Reciept.
    
khomsn-klinic-suite (62.08-27) stable; urgency=low
  
    * Version 25620827: Separate file to Register and fix pt_table.
    
khomsn-klinic-suite (62.06-30) stable; urgency=low
  
    * Version 25620630: Fix Reciept.
    
khomsn-klinic-suite (62.02-26) stable; urgency=low
  
    * Version 25620226: Sprit code and Initial some value to improve compatibility.
    
khomsn-klinic-suite (62.02-24) stable; urgency=low
  
    * Version 25620224: Add English language in Reciept form.
    
khomsn-klinic-suite (62.01-27) stable; urgency=low
  
    * Version 25620127: Clean up comments and error handle.
    
khomsn-klinic-suite (62.01-13) stable; urgency=low
  
    * Version 25620113: Correct PHP code. Change Report Panel.
    
khomsn-klinic-suite (61.08-31) stable; urgency=low
  
    * Version 25610831: Upgrade System with upgrade mysql db.
    
khomsn-klinic-suite (61.07-20) stable; urgency=low
  
    * Version 25610720: Big upgrade.
    
khomsn-klinic-suite (60.08-16) stable; urgency=low
  
    * Version 25600816: miner correction.
    
khomsn-klinic-suite (59.12-07) stable; urgency=low
  
    * Version 25591207: Update บจ8-9.
    
khomsn-klinic-suite (59.12-03) stable; urgency=low
  
    * Version 25591203: Update Code.
    
khomsn-klinic-suite (59.11-21) stable; urgency=low
  
    * Version 25591121: Update Code.
    
khomsn-klinic-suite (59.6-28) stable; urgency=low
  
    * Version 25590628: Update mysql table.
    
khomsn-klinic-suite (59.6-18) stable; urgency=low
  
    * Version 25590618: add name display in accounting.
    
khomsn-klinic-suite (59.6-17) stable; urgency=low
  
    * Version 25590617: Update Mysql connection to utf8mb4.
    
khomsn-klinic-suite (59.6-04) stable; urgency=low
  
    * Version 25590604: Update Medical Certification.
    
khomsn-klinic-suite (59.6-03) stable; urgency=low
  
    * Version 25590603: Update code and mysql script for mysql server 5.7 and Kubuntu 16.04 LTS.
    
khomsn-klinic-suite (59.6-01) unstable; urgency=low
  
    * Version 25590601: Include build script for .deb file.
    
khomsn-klinic-suite (59.5-31) unstable; urgency=low
  
    * Version 25590531: Update login Script.
    
khomsn-klinic-suite (59.5-03) unstable; urgency=low
  
    * Version 25590503: Update Menu and add Masking OPD card for Drug id.
    
khomsn-klinic-suite (59.4-04) unstable; urgency=low
  
    * Version 25590404: Update Drug prop for indication and update drug search by indication.
    
khomsn-klinic-suite (59.4-02) unstable; urgency=low
  
    * Version 25590402: Update Stock in panel to input up to 30 items at once.
    
khomsn-klinic-suite (59.4-01) unstable; urgency=low
  
    * Version 25590401: Update Appointment and rewrite config file. Prepare for DEB packaging.
    
khomsn-klinic-suite (59.3-27) unstable; urgency=low
  
    * Version 25590327: Update and Correct DDI when order drug.

khomsn-klinic-suite (59.1-22)  unstable; urgency=low
    
    * Version 25590122: Update to show buy price.

khomsn-klinic-suite (59.1-21)  unstable; urgency=low
  
    *Version 25590121: Correct Drugorder form and druggenproperties.

khomsn-klinic-suite (59.1-14)  unstable; urgency=low
  
    * Version 25590114: Add Medical Certification in English form.
    
khomsn-klinic-suite (58.11-01)  unstable; urgency=low

    * Version 25581101: Add Random rotating background and other things.

khomsn-klinic-suite (58.10-17)  unstable; urgency=low

    * Version 25581017: Update DDIL. Now you can Adjust DDIL per order (Called Ddiltemp) without changing the Default setting. IF DDIL > Ddiltemp, DDIL will be used.

khomsn-klinic-suite (58.10-15)  unstable; urgency=low
    
    * Version 25581015 :Add Drug to Drug Interaction to control use of drug in concurrent and drug to prescript to patient for more safe of drug use.
    
khomsn-klinic-suite (58.10-11)  unstable; urgency=low

    * Version 25581011: Initial Release. 
